<?xml version="1.0" encoding="UTF-8"?>
<testng-results ignored="0" total="1" passed="1" failed="0" skipped="0">
  <reporter-output>
  </reporter-output>
  <suite started-at="2025-12-25T21:13:22 IST" name="Default suite" finished-at="2025-12-25T21:13:25 IST" duration-ms="2783">
    <groups>
    </groups>
    <test started-at="2025-12-25T21:13:22 IST" name="Default test" finished-at="2025-12-25T21:13:25 IST" duration-ms="2783">
      <class name="test.api.ExcelDrivenLibrary">
        <test-method signature="addBook()[pri:0, instance:test.api.ExcelDrivenLibrary@74f0ea28]" started-at="2025-12-25T21:13:22 IST" name="addBook" finished-at="2025-12-25T21:13:25 IST" duration-ms="2749" status="PASS">
          <reporter-output>
          </reporter-output>
        </test-method> <!-- addBook -->
      </class> <!-- test.api.ExcelDrivenLibrary -->
    </test> <!-- Default test -->
  </suite> <!-- Default suite -->
</testng-results>
