<?xml version="1.0" encoding="UTF-8"?>
<testng-results ignored="0" total="1" passed="1" failed="0" skipped="0">
  <reporter-output>
  </reporter-output>
  <suite started-at="2025-12-25T14:32:03 IST" name="Default suite" finished-at="2025-12-25T14:32:06 IST" duration-ms="2728">
    <groups>
    </groups>
    <test started-at="2025-12-25T14:32:03 IST" name="Default test" finished-at="2025-12-25T14:32:06 IST" duration-ms="2728">
      <class name="test.main.E2EFlow">
        <test-method signature="addNewProduct()[pri:0, instance:test.main.E2EFlow@1b7cc17c]" started-at="2025-12-25T14:32:03 IST" name="addNewProduct" finished-at="2025-12-25T14:32:06 IST" duration-ms="2695" status="PASS">
          <reporter-output>
          </reporter-output>
        </test-method> <!-- addNewProduct -->
      </class> <!-- test.main.E2EFlow -->
    </test> <!-- Default test -->
  </suite> <!-- Default suite -->
</testng-results>
