<?xml version="1.0" encoding="UTF-8"?>
<!-- Generated by org.testng.reporters.JUnitReportReporter -->
<testsuite hostname="L75013" failures="0" tests="3" name="test.api.DynamicJson" time="2.108" errors="0" timestamp="2025-12-23T13:07:02 IST" skipped="0">
  <testcase classname="test.api.DynamicJson" name="addBook" time="1.726"/>
  <testcase classname="test.api.DynamicJson" name="addBookTwo" time="0.210"/>
  <testcase classname="test.api.DynamicJson" name="addBook" time="0.172"/>
</testsuite> <!-- test.api.DynamicJson -->
